global statistics:
		pure IO time (s): 277
		pure read time (s):3.204026
		pure write time (s):222.749613
		key:pos_read_size, value:1094746636.0
		key:pos_write_size, value:8131063144.0
		key:pos_read_count, value:140076.0
		key:pos_write_count, value:4117124.0
		key:pos_open_count, value:5941
		key:pos_read_time, value:117.943975
		key:pos_write_time, value:262.539185
		key:pos_meta_time, value:36.147733
		key:pos_stat_count, value:7220
		key:pos_fsync_count, value:0
		key:pos_seek_count, value:194857
		key:pos_seq_w_ratio, value:0.9993437166332615
		key:pos_seq_r_ratio, value:0.9464005254290528
		key:pos_seq_io_ratio, value:0.9976017100441604
		key:pos_small_r_ratio, value:0.03418858334047231
		key:pos_small_w_ratio, value:0.9915946179906168
		key:pos_small_io_ratio, value:0.9600927839894766
		key:pos_unaligned_ratio, value:0.9975382880766701
		key:pos_meta_ratio, value:0.97334376629898
		key:std_read_size, value:298381341.0
		key:std_write_size, value:127158293.0
		key:std_read_count, value:16673.0
		key:std_write_count, value:15857.0
		key:std_open_count, value:2028
		key:std_read_time, value:0.463276
		key:std_write_time, value:0.634727
		key:std_meta_time, value:40.093225
		key:std_flush_count, value:0
		key:std_seek_count, value:1632
		key:max_rank_pct_r, value:1.0
		key:max_rank_pct_w, value:0.5977156648869356
		key:max_rank_pct_wr, value:0.6077344450539899
		key:pos_darshan_bw, value:37.065056MB/s
		key:std_darshan_bw, value:10.105029MB/s
		key:nprocs, value:136.0
		key:ost_cnt, value:156.0
		key:miner_r_bw, value:414.66279335183873MB/s
		key:miner_w_bw, value:35.35653138783442MB/s
		key:username, value:UNKNOWN
top IO consumer file statistics:
	filename:/global/cscratch1/sd/gebhard/PEA2PBI4/bulk/daniel_subst/2-f/tight/pwscf.bfgs:
		key:pos_read_size, value:206810703.0
		key:pos_write_size, value:208899700.0
		key:pos_read_count, value:25443.0
		key:pos_write_count, value:2862100.0
		key:pos_open_count, value:200
		key:pos_read_time, value:1.157481
		key:pos_write_time, value:130.911569
		key:pos_meta_time, value:0.928978
		key:pos_stat_count, value:300
		key:pos_fsync_count, value:0
		key:pos_seek_count, value:100
		key:pos_seq_w_ratio, value:0.9999650606198246
		key:pos_seq_r_ratio, value:0.9961089494163424
		key:pos_seq_io_ratio, value:0.9999310832773746
		key:pos_small_r_ratio, value:0.0038910505836575876
		key:pos_small_w_ratio, value:1.0
		key:pos_small_io_ratio, value:0.9912229878481463
		key:pos_unaligned_ratio, value:0.9999310832773746
		key:pos_meta_ratio, value:0.006984900558074441
		key:nprocs, value:1
		key:stripe_width, value:1
		key:stripe_size, value:1048576
	filename:/global/cscratch1/sd/gebhard/PEA2PBI4/bulk/daniel_subst/2-f/tight/pwscf.save/c_srl_gga.upf:
		key:std_read_size, value:0.0
		key:std_write_size, value:19445530.0
		key:std_read_count, value:0.0
		key:std_write_count, value:2424.0
		key:std_open_count, value:101
		key:std_read_time, value:0.0
		key:std_write_time, value:0.085829
		key:std_meta_time, value:15.66594
		key:std_flush_count, value:0
		key:std_seek_count, value:0
		key:pos_meta_ratio, value:0.9945511516833443
		key:nprocs, value:1
		key:stripe_width, value:1
		key:stripe_size, value:1048576
	filename:/global/cscratch1/sd/gebhard/PEA2PBI4/bulk/daniel_subst/2-f/tight/pwscf.save/data-file.xml:
		key:pos_read_size, value:0.0
		key:pos_write_size, value:4150717.0
		key:pos_read_count, value:0.0
		key:pos_write_count, value:95568.0
		key:pos_open_count, value:101
		key:pos_read_time, value:0.0
		key:pos_write_time, value:14.324703
		key:pos_meta_time, value:0.168251
		key:pos_stat_count, value:101
		key:pos_fsync_count, value:0
		key:pos_seek_count, value:101
		key:pos_seq_w_ratio, value:0.9989431608906747
		key:pos_seq_r_ratio, value:0
		key:pos_seq_io_ratio, value:0.9989431608906747
		key:pos_small_r_ratio, value:0
		key:pos_small_w_ratio, value:1.0
		key:pos_small_io_ratio, value:1.0
		key:pos_unaligned_ratio, value:0.9989431608906747
		key:pos_meta_ratio, value:0.011609158491774694
		key:nprocs, value:1
		key:stripe_width, value:1
		key:stripe_size, value:1048576
	filename:/global/cscratch1/sd/gebhard/PEA2PBI4/bulk/daniel_subst/2-f/tight/pwscf.save/i_srl_gga.upf:
		key:std_read_size, value:0.0
		key:std_write_size, value:26196673.0
		key:std_read_count, value:0.0
		key:std_write_count, value:3232.0
		key:std_open_count, value:101
		key:std_read_time, value:0.0
		key:std_write_time, value:0.095502
		key:std_meta_time, value:13.0667
		key:std_flush_count, value:0
		key:std_seek_count, value:0
		key:pos_meta_ratio, value:0.9927442231930493
		key:nprocs, value:1
		key:stripe_width, value:1
		key:stripe_size, value:1048576
	filename:/global/cscratch1/sd/gebhard/PEA2PBI4/bulk/daniel_subst/2-f/tight/pwscf.save/charge-density.old.dat:
		key:pos_read_size, value:0.0
		key:pos_write_size, value:598944700.0
		key:pos_read_count, value:0.0
		key:pos_write_count, value:73800.0
		key:pos_open_count, value:100
		key:pos_read_time, value:0.0
		key:pos_write_time, value:7.291562
		key:pos_meta_time, value:0.588081
		key:pos_stat_count, value:200
		key:pos_fsync_count, value:0
		key:pos_seek_count, value:73900
		key:pos_seq_w_ratio, value:0.9986449864498645
		key:pos_seq_r_ratio, value:0
		key:pos_seq_io_ratio, value:0.9986449864498645
		key:pos_small_r_ratio, value:0
		key:pos_small_w_ratio, value:0.8048780487804879
		key:pos_small_io_ratio, value:0.8048780487804879
		key:pos_unaligned_ratio, value:0.9986449864498645
		key:pos_meta_ratio, value:0.07463294974150478
		key:nprocs, value:1
		key:stripe_width, value:1
		key:stripe_size, value:1048576
	filename:/global/cscratch1/sd/gebhard/PEA2PBI4/bulk/daniel_subst/2-f/tight/pwscf.save/charge-density.dat:
		key:pos_read_size, value:0.0
		key:pos_write_size, value:604934147.0
		key:pos_read_count, value:0.0
		key:pos_write_count, value:74538.0
		key:pos_open_count, value:101
		key:pos_read_time, value:0.0
		key:pos_write_time, value:7.062085
		key:pos_meta_time, value:0.378037
		key:pos_stat_count, value:102
		key:pos_fsync_count, value:0
		key:pos_seek_count, value:74639
		key:pos_seq_w_ratio, value:0.9986449864498645
		key:pos_seq_r_ratio, value:0
		key:pos_seq_io_ratio, value:0.9986449864498645
		key:pos_small_r_ratio, value:0
		key:pos_small_w_ratio, value:0.8048780487804879
		key:pos_small_io_ratio, value:0.8048780487804879
		key:pos_unaligned_ratio, value:0.9986449864498645
		key:pos_meta_ratio, value:0.05081059154675152
		key:nprocs, value:1
		key:stripe_width, value:1
		key:stripe_size, value:1048576
